Detecting C compiler ABI info failed to compile with the following output:
Change Dir: /Users/admin/src/cpp/evpp/ios/CMakeFiles/CMakeTmp

Run Build Command:"/usr/bin/xcodebuild" "-project" "CMAKE_TRY_COMPILE.xcodeproj" "build" "-target" "cmTC_8af40" "-configuration" "Debug"
2018-12-06 11:38:29.076 xcodebuild[97811:16181931] [MT] PluginLoading: Skipping plug-in at path '/Library/Application Support/Developer/Shared/Xcode/Plug-ins/D for Xcode.xcplugin' because it is not compatible with this version of Xcode.
note: Using new build system
note: Planning build
note: Constructing build description
Build system information
error: unable to resolve product type 'com.apple.product-type.tool' for platform 'iphoneos' (in target 'cmTC_8af40')

Build system information
error: unable to resolve product type 'com.apple.product-type.tool' for platform 'iphoneos' (in target 'cmTC_8af40')

Build system information
warning: The armv7s architecture is deprecated for your deployment target (iOS 12.1). You should update your ARCHS build setting to remove the armv7s architecture. (in target 'cmTC_8af40')

** BUILD FAILED **




Detecting C [-std=c11] compiler features failed to compile with the following output:
Change Dir: /Users/admin/src/cpp/evpp/ios/CMakeFiles/CMakeTmp

Run Build Command:"/usr/bin/xcodebuild" "-project" "CMAKE_TRY_COMPILE.xcodeproj" "build" "-target" "cmTC_50d87" "-configuration" "Debug"
2018-12-06 11:38:30.522 xcodebuild[97823:16182057] [MT] PluginLoading: Skipping plug-in at path '/Library/Application Support/Developer/Shared/Xcode/Plug-ins/D for Xcode.xcplugin' because it is not compatible with this version of Xcode.
note: Using new build system
note: Planning build
note: Constructing build description
Build system information
error: unable to resolve product type 'com.apple.product-type.tool' for platform 'iphoneos' (in target 'cmTC_50d87')

Build system information
error: unable to resolve product type 'com.apple.product-type.tool' for platform 'iphoneos' (in target 'cmTC_50d87')

Build system information
warning: The armv7s architecture is deprecated for your deployment target (iOS 12.1). You should update your ARCHS build setting to remove the armv7s architecture. (in target 'cmTC_50d87')

** BUILD FAILED **




Detecting CXX compiler ABI info failed to compile with the following output:
Change Dir: /Users/admin/src/cpp/evpp/ios/CMakeFiles/CMakeTmp

Run Build Command:"/usr/bin/xcodebuild" "-project" "CMAKE_TRY_COMPILE.xcodeproj" "build" "-target" "cmTC_c8ea3" "-configuration" "Debug"
2018-12-06 11:38:31.994 xcodebuild[97834:16182156] [MT] PluginLoading: Skipping plug-in at path '/Library/Application Support/Developer/Shared/Xcode/Plug-ins/D for Xcode.xcplugin' because it is not compatible with this version of Xcode.
note: Using new build system
note: Planning build
note: Constructing build description
Build system information
error: unable to resolve product type 'com.apple.product-type.tool' for platform 'iphoneos' (in target 'cmTC_c8ea3')

Build system information
error: unable to resolve product type 'com.apple.product-type.tool' for platform 'iphoneos' (in target 'cmTC_c8ea3')

Build system information
warning: The armv7s architecture is deprecated for your deployment target (iOS 12.1). You should update your ARCHS build setting to remove the armv7s architecture. (in target 'cmTC_c8ea3')

** BUILD FAILED **




Detecting CXX [-std=c++1z] compiler features failed to compile with the following output:
Change Dir: /Users/admin/src/cpp/evpp/ios/CMakeFiles/CMakeTmp

Run Build Command:"/usr/bin/xcodebuild" "-project" "CMAKE_TRY_COMPILE.xcodeproj" "build" "-target" "cmTC_72a82" "-configuration" "Debug"
2018-12-06 11:38:33.436 xcodebuild[97845:16182242] [MT] PluginLoading: Skipping plug-in at path '/Library/Application Support/Developer/Shared/Xcode/Plug-ins/D for Xcode.xcplugin' because it is not compatible with this version of Xcode.
note: Using new build system
note: Planning build
note: Constructing build description
Build system information
error: unable to resolve product type 'com.apple.product-type.tool' for platform 'iphoneos' (in target 'cmTC_72a82')

Build system information
error: unable to resolve product type 'com.apple.product-type.tool' for platform 'iphoneos' (in target 'cmTC_72a82')

Build system information
warning: The armv7s architecture is deprecated for your deployment target (iOS 12.1). You should update your ARCHS build setting to remove the armv7s architecture. (in target 'cmTC_72a82')

** BUILD FAILED **




